<?xml version="1.0" encoding="UTF-8"?>
<testng-results ignored="0" total="1" passed="1" failed="0" skipped="0">
  <reporter-output>
  </reporter-output>
  <suite started-at="2022-09-20T15:51:11 IST" name="Default suite" finished-at="2022-09-20T15:51:12 IST" duration-ms="844">
    <groups>
    </groups>
    <test started-at="2022-09-20T15:51:11 IST" name="Default test" finished-at="2022-09-20T15:51:12 IST" duration-ms="844">
      <class name="com.loa.test.cases.TestCase1">
        <test-method signature="actualTest()[pri:0, instance:com.loa.test.cases.TestCase1@1b2abca6]" started-at="2022-09-20T15:51:11 IST" name="actualTest" finished-at="2022-09-20T15:51:12 IST" duration-ms="819" status="PASS">
          <reporter-output>
          </reporter-output>
        </test-method> <!-- actualTest -->
      </class> <!-- com.loa.test.cases.TestCase1 -->
    </test> <!-- Default test -->
  </suite> <!-- Default suite -->
</testng-results>
