<?xml version="1.0" encoding="UTF-8"?>
<!-- Generated by org.testng.reporters.JUnitXMLReporter -->
<testsuite ignored="0" hostname="mitrah182" failures="0" tests="4" name="loginTest" time="12.628" errors="0" timestamp="2022-09-16T15:50:34 IST">
  <testcase classname="Datadriven.BothCrt" name="bothcorrct" time="3.816"/>
  <testcase classname="Datadriven.BOthIncrt" name="bothInCRt" time="3.073"/>
  <testcase classname="Datadriven.CrtPassWord" name="crtPass" time="2.507"/>
  <testcase classname="Datadriven.CrtUserName" name="CrtuseNam" time="3.212"/>
</testsuite> <!-- loginTest -->
