<?xml version="1.0" encoding="UTF-8"?>
<!-- Generated by org.testng.reporters.JUnitXMLReporter -->
<testsuite ignored="0" hostname="mitrah182" failures="0" tests="4" name="loginTest1" time="11.392" errors="0" timestamp="2022-09-19T20:29:46 IST">
  <testcase classname="Datadriven.copy.dataDrivenuUsingJXL" name="loginCred" time="2.986"/>
  <testcase classname="Datadriven.copy.dataDrivenuUsingJXL" name="loginCred" time="2.956"/>
  <testcase classname="Datadriven.copy.dataDrivenuUsingJXL" name="loginCred" time="2.266"/>
  <testcase classname="Datadriven.copy.dataDrivenuUsingJXL" name="loginCred" time="2.225"/>
</testsuite> <!-- loginTest1 -->
