<?xml version="1.0" encoding="UTF-8"?>
<!-- Generated by org.testng.reporters.JUnitXMLReporter -->
<testsuite ignored="0" hostname="DESKTOP-1SGGTFE" failures="0" tests="5" name="Default test" time="6.071" errors="0" timestamp="2022-12-06T16:37:03 IST">
  <testcase classname="Test_Rest_Assured.ValidationMatchers_RA" name="checkAge" time="2.478"/>
  <testcase classname="Test_Rest_Assured.ValidationMatchers_RA" name="checkEntries" time="1.405"/>
  <testcase classname="Test_Rest_Assured.ValidationMatchers_RA" name="validationID" time="0.418"/>
  <testcase classname="Test_Rest_Assured.ValidationMatchers_RA" name="validationName" time="0.429"/>
  <testcase classname="Test_Rest_Assured.ValidationMatchers_RA" name="validationTime" time="1.317"/>
</testsuite> <!-- Default test -->
