<?xml version="1.0" encoding="UTF-8"?>
<testng-results ignored="0" total="1" passed="1" failed="0" skipped="0">
  <reporter-output>
  </reporter-output>
  <suite started-at="2022-12-08T15:38:21 IST" name="Default suite" finished-at="2022-12-08T15:38:26 IST" duration-ms="5856">
    <groups>
    </groups>
    <test started-at="2022-12-08T15:38:21 IST" name="Default test" finished-at="2022-12-08T15:38:26 IST" duration-ms="5856">
      <class name="TestTopics.DargAndDrop">
        <test-method is-config="true" signature="setup()[pri:0, instance:TestTopics.DargAndDrop@5e0826e7]" started-at="2022-12-08T15:38:21 IST" name="setup" finished-at="2022-12-08T15:38:26 IST" duration-ms="5376" status="PASS">
          <reporter-output>
          </reporter-output>
        </test-method> <!-- setup -->
        <test-method signature="test()[pri:0, instance:TestTopics.DargAndDrop@5e0826e7]" started-at="2022-12-08T15:38:26 IST" name="test" finished-at="2022-12-08T15:38:26 IST" duration-ms="329" status="PASS">
          <reporter-output>
          </reporter-output>
        </test-method> <!-- test -->
        <test-method is-config="true" signature="tearDown()[pri:0, instance:TestTopics.DargAndDrop@5e0826e7]" started-at="2022-12-08T15:38:26 IST" name="tearDown" finished-at="2022-12-08T15:38:26 IST" duration-ms="130" status="PASS">
          <reporter-output>
          </reporter-output>
        </test-method> <!-- tearDown -->
      </class> <!-- TestTopics.DargAndDrop -->
    </test> <!-- Default test -->
  </suite> <!-- Default suite -->
</testng-results>
