<?xml version="1.0" encoding="UTF-8"?>
<testng-results ignored="0" total="5" passed="5" failed="0" skipped="0">
  <reporter-output>
  </reporter-output>
  <suite started-at="2022-12-06T16:36:57 IST" name="Default suite" finished-at="2022-12-06T16:37:03 IST" duration-ms="6071">
    <groups>
    </groups>
    <test started-at="2022-12-06T16:36:57 IST" name="Default test" finished-at="2022-12-06T16:37:03 IST" duration-ms="6071">
      <class name="Test_Rest_Assured.ValidationMatchers_RA">
        <test-method signature="checkAge()[pri:0, instance:Test_Rest_Assured.ValidationMatchers_RA@7f552bd3]" started-at="2022-12-06T16:36:57 IST" name="checkAge" finished-at="2022-12-06T16:37:00 IST" duration-ms="2478" status="PASS">
          <reporter-output>
          </reporter-output>
        </test-method> <!-- checkAge -->
        <test-method signature="checkEntries()[pri:0, instance:Test_Rest_Assured.ValidationMatchers_RA@7f552bd3]" started-at="2022-12-06T16:37:00 IST" name="checkEntries" finished-at="2022-12-06T16:37:01 IST" duration-ms="1405" status="PASS">
          <reporter-output>
          </reporter-output>
        </test-method> <!-- checkEntries -->
        <test-method signature="validationID()[pri:0, instance:Test_Rest_Assured.ValidationMatchers_RA@7f552bd3]" started-at="2022-12-06T16:37:01 IST" name="validationID" finished-at="2022-12-06T16:37:01 IST" duration-ms="418" status="PASS">
          <reporter-output>
          </reporter-output>
        </test-method> <!-- validationID -->
        <test-method signature="validationName()[pri:0, instance:Test_Rest_Assured.ValidationMatchers_RA@7f552bd3]" started-at="2022-12-06T16:37:01 IST" name="validationName" finished-at="2022-12-06T16:37:02 IST" duration-ms="429" status="PASS">
          <reporter-output>
          </reporter-output>
        </test-method> <!-- validationName -->
        <test-method signature="validationTime()[pri:0, instance:Test_Rest_Assured.ValidationMatchers_RA@7f552bd3]" started-at="2022-12-06T16:37:02 IST" name="validationTime" finished-at="2022-12-06T16:37:03 IST" duration-ms="1317" status="PASS">
          <reporter-output>
          </reporter-output>
        </test-method> <!-- validationTime -->
      </class> <!-- Test_Rest_Assured.ValidationMatchers_RA -->
    </test> <!-- Default test -->
  </suite> <!-- Default suite -->
</testng-results>
