<?xml version="1.0" encoding="UTF-8"?>
<testng-results ignored="0" total="1" passed="1" failed="0" skipped="0">
  <reporter-output>
  </reporter-output>
  <suite started-at="2022-12-05T16:09:05 IST" name="Default suite" finished-at="2022-12-05T16:09:07 IST" duration-ms="1574">
    <groups>
    </groups>
    <test started-at="2022-12-05T16:09:05 IST" name="Default test" finished-at="2022-12-05T16:09:07 IST" duration-ms="1574">
      <class name="Test_Rest_Assured.POST_RA">
        <test-method signature="postReqExample()[pri:0, instance:Test_Rest_Assured.POST_RA@3967e60c]" started-at="2022-12-05T16:09:05 IST" name="postReqExample" finished-at="2022-12-05T16:09:07 IST" duration-ms="1552" status="PASS">
          <reporter-output>
          </reporter-output>
        </test-method> <!-- postReqExample -->
      </class> <!-- Test_Rest_Assured.POST_RA -->
    </test> <!-- Default test -->
  </suite> <!-- Default suite -->
</testng-results>
